c:\users\omar orashy\source\repos\enggharbawy06\phase-2.01\debug\vc143.pdb
c:\users\omar orashy\source\repos\enggharbawy06\phase-2.01\debug\vc143.idb
c:\users\omar orashy\source\repos\enggharbawy06\phase-2.01\debug\main.sbr
c:\users\omar orashy\source\repos\enggharbawy06\phase-2.01\debug\output.sbr
c:\users\omar orashy\source\repos\enggharbawy06\phase-2.01\debug\input.sbr
c:\users\omar orashy\source\repos\enggharbawy06\phase-2.01\debug\applicationmanager.sbr
c:\users\omar orashy\source\repos\enggharbawy06\phase-2.01\debug\pin.sbr
c:\users\omar orashy\source\repos\enggharbawy06\phase-2.01\debug\outputpin.sbr
c:\users\omar orashy\source\repos\enggharbawy06\phase-2.01\debug\inputpin.sbr
c:\users\omar orashy\source\repos\enggharbawy06\phase-2.01\debug\gate.sbr
c:\users\omar orashy\source\repos\enggharbawy06\phase-2.01\debug\connection.sbr
c:\users\omar orashy\source\repos\enggharbawy06\phase-2.01\debug\component.sbr
c:\users\omar orashy\source\repos\enggharbawy06\phase-2.01\debug\inv.sbr
c:\users\omar orashy\source\repos\enggharbawy06\phase-2.01\debug\buff.sbr
c:\users\omar orashy\source\repos\enggharbawy06\phase-2.01\debug\xnor2.sbr
c:\users\omar orashy\source\repos\enggharbawy06\phase-2.01\debug\xor3.sbr
c:\users\omar orashy\source\repos\enggharbawy06\phase-2.01\debug\xor2.sbr
c:\users\omar orashy\source\repos\enggharbawy06\phase-2.01\debug\nor3.sbr
c:\users\omar orashy\source\repos\enggharbawy06\phase-2.01\debug\nor2.sbr
c:\users\omar orashy\source\repos\enggharbawy06\phase-2.01\debug\nand2.sbr
c:\users\omar orashy\source\repos\enggharbawy06\phase-2.01\debug\or2.sbr
c:\users\omar orashy\source\repos\enggharbawy06\phase-2.01\debug\and3.sbr
c:\users\omar orashy\source\repos\enggharbawy06\phase-2.01\debug\and3.obj
c:\users\omar orashy\source\repos\enggharbawy06\phase-2.01\debug\or2.obj
c:\users\omar orashy\source\repos\enggharbawy06\phase-2.01\debug\nand2.obj
c:\users\omar orashy\source\repos\enggharbawy06\phase-2.01\debug\nor2.obj
c:\users\omar orashy\source\repos\enggharbawy06\phase-2.01\debug\nor3.obj
c:\users\omar orashy\source\repos\enggharbawy06\phase-2.01\debug\xor2.obj
c:\users\omar orashy\source\repos\enggharbawy06\phase-2.01\debug\xor3.obj
c:\users\omar orashy\source\repos\enggharbawy06\phase-2.01\debug\xnor2.obj
c:\users\omar orashy\source\repos\enggharbawy06\phase-2.01\debug\buff.obj
c:\users\omar orashy\source\repos\enggharbawy06\phase-2.01\debug\inv.obj
c:\users\omar orashy\source\repos\enggharbawy06\phase-2.01\debug\component.obj
c:\users\omar orashy\source\repos\enggharbawy06\phase-2.01\debug\connection.obj
c:\users\omar orashy\source\repos\enggharbawy06\phase-2.01\debug\gate.obj
c:\users\omar orashy\source\repos\enggharbawy06\phase-2.01\debug\inputpin.obj
c:\users\omar orashy\source\repos\enggharbawy06\phase-2.01\debug\outputpin.obj
c:\users\omar orashy\source\repos\enggharbawy06\phase-2.01\debug\pin.obj
c:\users\omar orashy\source\repos\enggharbawy06\phase-2.01\debug\applicationmanager.obj
c:\users\omar orashy\source\repos\enggharbawy06\phase-2.01\debug\input.obj
c:\users\omar orashy\source\repos\enggharbawy06\phase-2.01\debug\output.obj
c:\users\omar orashy\source\repos\enggharbawy06\phase-2.01\debug\main.obj
c:\users\omar orashy\source\repos\enggharbawy06\phase-2.01\debug\and2.sbr
c:\users\omar orashy\source\repos\enggharbawy06\phase-2.01\debug\windowinput.sbr
c:\users\omar orashy\source\repos\enggharbawy06\phase-2.01\debug\mousequeue.sbr
c:\users\omar orashy\source\repos\enggharbawy06\phase-2.01\debug\keyqueue.sbr
c:\users\omar orashy\source\repos\enggharbawy06\phase-2.01\debug\image.sbr
c:\users\omar orashy\source\repos\enggharbawy06\phase-2.01\debug\cmugraphics.sbr
c:\users\omar orashy\source\repos\enggharbawy06\phase-2.01\debug\auxil.sbr
c:\users\omar orashy\source\repos\enggharbawy06\phase-2.01\debug\select.sbr
c:\users\omar orashy\source\repos\enggharbawy06\phase-2.01\debug\addinv.sbr
c:\users\omar orashy\source\repos\enggharbawy06\phase-2.01\debug\addbuff.sbr
c:\users\omar orashy\source\repos\enggharbawy06\phase-2.01\debug\addxnorgate2.sbr
c:\users\omar orashy\source\repos\enggharbawy06\phase-2.01\debug\addxorgate3.sbr
c:\users\omar orashy\source\repos\enggharbawy06\phase-2.01\debug\addxorgate2.sbr
c:\users\omar orashy\source\repos\enggharbawy06\phase-2.01\debug\addnorgate3.sbr
c:\users\omar orashy\source\repos\enggharbawy06\phase-2.01\debug\addnorgate2.sbr
c:\users\omar orashy\source\repos\enggharbawy06\phase-2.01\debug\addnandgate2.sbr
c:\users\omar orashy\source\repos\enggharbawy06\phase-2.01\debug\addorgate2.sbr
c:\users\omar orashy\source\repos\enggharbawy06\phase-2.01\debug\addandgate3.sbr
c:\users\omar orashy\source\repos\enggharbawy06\phase-2.01\debug\addandgate2.sbr
c:\users\omar orashy\source\repos\enggharbawy06\phase-2.01\debug\addandgate2.obj
c:\users\omar orashy\source\repos\enggharbawy06\phase-2.01\debug\addandgate3.obj
c:\users\omar orashy\source\repos\enggharbawy06\phase-2.01\debug\addorgate2.obj
c:\users\omar orashy\source\repos\enggharbawy06\phase-2.01\debug\addnandgate2.obj
c:\users\omar orashy\source\repos\enggharbawy06\phase-2.01\debug\addnorgate2.obj
c:\users\omar orashy\source\repos\enggharbawy06\phase-2.01\debug\addnorgate3.obj
c:\users\omar orashy\source\repos\enggharbawy06\phase-2.01\debug\addxorgate2.obj
c:\users\omar orashy\source\repos\enggharbawy06\phase-2.01\debug\addxorgate3.obj
c:\users\omar orashy\source\repos\enggharbawy06\phase-2.01\debug\addxnorgate2.obj
c:\users\omar orashy\source\repos\enggharbawy06\phase-2.01\debug\addbuff.obj
c:\users\omar orashy\source\repos\enggharbawy06\phase-2.01\debug\addinv.obj
c:\users\omar orashy\source\repos\enggharbawy06\phase-2.01\debug\auxil.obj
c:\users\omar orashy\source\repos\enggharbawy06\phase-2.01\debug\cmugraphics.obj
c:\users\omar orashy\source\repos\enggharbawy06\phase-2.01\debug\image.obj
c:\users\omar orashy\source\repos\enggharbawy06\phase-2.01\debug\keyqueue.obj
c:\users\omar orashy\source\repos\enggharbawy06\phase-2.01\debug\mousequeue.obj
c:\users\omar orashy\source\repos\enggharbawy06\phase-2.01\debug\windowinput.obj
c:\users\omar orashy\source\repos\enggharbawy06\phase-2.01\debug\and2.obj
c:\users\omar orashy\source\repos\enggharbawy06\phase-2.01\debug\graphics_prj.tlog\cl.command.1.tlog
c:\users\omar orashy\source\repos\enggharbawy06\phase-2.01\debug\graphics_prj.tlog\cl.read.1.tlog
c:\users\omar orashy\source\repos\enggharbawy06\phase-2.01\debug\graphics_prj.tlog\cl.write.1.tlog
